{"numFailedTestSuites":1,"numFailedTests":2,"numPassedTestSuites":0,"numPassedTests":1,"numPendingTestSuites":0,"numPendingTests":0,"numRuntimeErrorTestSuites":0,"numTodoTests":0,"numTotalTestSuites":1,"numTotalTests":3,"openHandles":[],"snapshot":{"added":0,"didUpdate":false,"failure":false,"filesAdded":0,"filesRemoved":0,"filesRemovedList":[],"filesUnmatched":0,"filesUpdated":0,"matched":0,"total":0,"unchecked":0,"uncheckedKeysByFile":[],"unmatched":0,"updated":0},"startTime":1769793913772,"success":false,"testResults":[{"assertionResults":[{"ancestorTitles":["AgentRunner - Functional vs non-functional optional forcing"],"duration":3,"failing":false,"failureDetails":[],"failureMessages":[],"fullName":"AgentRunner - Functional vs non-functional optional forcing should fail a step if a required functional option is missing","invocations":1,"location":null,"numPassingAsserts":5,"retryReasons":[],"startAt":1769793914225,"status":"passed","title":"should fail a step if a required functional option is missing"},{"ancestorTitles":["AgentRunner - Functional vs non-functional optional forcing"],"duration":20,"failing":false,"failureDetails":[{"matcherResult":{"actual":false,"expected":true,"message":"\u001b[2mexpect(\u001b[22m\u001b[31mreceived\u001b[39m\u001b[2m).\u001b[22mtoBe\u001b[2m(\u001b[22m\u001b[32mexpected\u001b[39m\u001b[2m) // Object.is equality\u001b[22m\n\nExpected: \u001b[32mtrue\u001b[39m\nReceived: \u001b[31mfalse\u001b[39m","name":"toBe","pass":false}}],"failureMessages":["Error: \u001b[2mexpect(\u001b[22m\u001b[31mreceived\u001b[39m\u001b[2m).\u001b[22mtoBe\u001b[2m(\u001b[22m\u001b[32mexpected\u001b[39m\u001b[2m) // Object.is equality\u001b[22m\n\nExpected: \u001b[32mtrue\u001b[39m\nReceived: \u001b[31mfalse\u001b[39m\n    at Object.toBe (/Users/sebastianozuddas/Programming/overknight/src/lib/agent-runner.test.ts:140:32)"],"fullName":"AgentRunner - Functional vs non-functional optional forcing should pass if all required functional options are present","invocations":1,"location":null,"numPassingAsserts":0,"retryReasons":[],"startAt":1769793914229,"status":"failed","title":"should pass if all required functional options are present"},{"ancestorTitles":["AgentRunner - Functional vs non-functional optional forcing"],"duration":2,"failing":false,"failureDetails":[{"matcherResult":{"actual":false,"expected":true,"message":"\u001b[2mexpect(\u001b[22m\u001b[31mreceived\u001b[39m\u001b[2m).\u001b[22mtoBe\u001b[2m(\u001b[22m\u001b[32mexpected\u001b[39m\u001b[2m) // Object.is equality\u001b[22m\n\nExpected: \u001b[32mtrue\u001b[39m\nReceived: \u001b[31mfalse\u001b[39m","name":"toBe","pass":false}}],"failureMessages":["Error: \u001b[2mexpect(\u001b[22m\u001b[31mreceived\u001b[39m\u001b[2m).\u001b[22mtoBe\u001b[2m(\u001b[22m\u001b[32mexpected\u001b[39m\u001b[2m) // Object.is equality\u001b[22m\n\nExpected: \u001b[32mtrue\u001b[39m\nReceived: \u001b[31mfalse\u001b[39m\n    at Object.toBe (/Users/sebastianozuddas/Programming/overknight/src/lib/agent-runner.test.ts:176:32)"],"fullName":"AgentRunner - Functional vs non-functional optional forcing should include non-functional options in the prompt without causing failure if missing","invocations":1,"location":null,"numPassingAsserts":0,"retryReasons":[],"startAt":1769793914252,"status":"failed","title":"should include non-functional options in the prompt without causing failure if missing"}],"endTime":1769793914262,"message":"\u001b[1m\u001b[31m  \u001b[1m● \u001b[22m\u001b[1mAgentRunner - Functional vs non-functional optional forcing › should pass if all required functional options are present\u001b[39m\u001b[22m\n\n    \u001b[2mexpect(\u001b[22m\u001b[31mreceived\u001b[39m\u001b[2m).\u001b[22mtoBe\u001b[2m(\u001b[22m\u001b[32mexpected\u001b[39m\u001b[2m) // Object.is equality\u001b[22m\n\n    Expected: \u001b[32mtrue\u001b[39m\n    Received: \u001b[31mfalse\u001b[39m\n\u001b[2m\u001b[22m\n\u001b[2m    \u001b[0m \u001b[90m 138 |\u001b[39m         \u001b[36mconst\u001b[39m result \u001b[33m=\u001b[39m \u001b[36mawait\u001b[39m agentRunner\u001b[33m.\u001b[39mrunTask(mockTask)\u001b[33m;\u001b[39m\u001b[22m\n\u001b[2m     \u001b[90m 139 |\u001b[39m\u001b[22m\n\u001b[2m    \u001b[31m\u001b[1m>\u001b[22m\u001b[2m\u001b[39m\u001b[90m 140 |\u001b[39m         expect(result\u001b[33m.\u001b[39msuccess)\u001b[33m.\u001b[39mtoBe(\u001b[36mtrue\u001b[39m)\u001b[33m;\u001b[39m\u001b[22m\n\u001b[2m     \u001b[90m     |\u001b[39m                                \u001b[31m\u001b[1m^\u001b[22m\u001b[2m\u001b[39m\u001b[22m\n\u001b[2m     \u001b[90m 141 |\u001b[39m         expect(result\u001b[33m.\u001b[39msteps[\u001b[35m0\u001b[39m]\u001b[33m.\u001b[39msuccess)\u001b[33m.\u001b[39mtoBe(\u001b[36mtrue\u001b[39m)\u001b[33m;\u001b[39m\u001b[22m\n\u001b[2m     \u001b[90m 142 |\u001b[39m         expect(mockOptions\u001b[33m.\u001b[39monError)\u001b[33m.\u001b[39mnot\u001b[33m.\u001b[39mtoHaveBeenCalled()\u001b[33m;\u001b[39m\u001b[22m\n\u001b[2m     \u001b[90m 143 |\u001b[39m         \u001b[36mconst\u001b[39m expectedFunctionalOptions \u001b[33m=\u001b[39m { requiredParam\u001b[33m:\u001b[39m \u001b[32m'presentValue'\u001b[39m\u001b[33m,\u001b[39m anotherParam\u001b[33m:\u001b[39m \u001b[32m'someOtherValue'\u001b[39m }\u001b[33m;\u001b[39m\u001b[0m\u001b[22m\n\u001b[2m\u001b[22m\n\u001b[2m      \u001b[2mat Object.toBe (\u001b[22m\u001b[2m\u001b[0m\u001b[36msrc/lib/agent-runner.test.ts\u001b[39m\u001b[0m\u001b[2m:140:32)\u001b[22m\u001b[2m\u001b[22m\n\n\u001b[1m\u001b[31m  \u001b[1m● \u001b[22m\u001b[1mAgentRunner - Functional vs non-functional optional forcing › should include non-functional options in the prompt without causing failure if missing\u001b[39m\u001b[22m\n\n    \u001b[2mexpect(\u001b[22m\u001b[31mreceived\u001b[39m\u001b[2m).\u001b[22mtoBe\u001b[2m(\u001b[22m\u001b[32mexpected\u001b[39m\u001b[2m) // Object.is equality\u001b[22m\n\n    Expected: \u001b[32mtrue\u001b[39m\n    Received: \u001b[31mfalse\u001b[39m\n\u001b[2m\u001b[22m\n\u001b[2m    \u001b[0m \u001b[90m 174 |\u001b[39m         \u001b[36mconst\u001b[39m result \u001b[33m=\u001b[39m \u001b[36mawait\u001b[39m agentRunner\u001b[33m.\u001b[39mrunTask(mockTask)\u001b[33m;\u001b[39m\u001b[22m\n\u001b[2m     \u001b[90m 175 |\u001b[39m\u001b[22m\n\u001b[2m    \u001b[31m\u001b[1m>\u001b[22m\u001b[2m\u001b[39m\u001b[90m 176 |\u001b[39m         expect(result\u001b[33m.\u001b[39msuccess)\u001b[33m.\u001b[39mtoBe(\u001b[36mtrue\u001b[39m)\u001b[33m;\u001b[39m\u001b[22m\n\u001b[2m     \u001b[90m     |\u001b[39m                                \u001b[31m\u001b[1m^\u001b[22m\u001b[2m\u001b[39m\u001b[22m\n\u001b[2m     \u001b[90m 177 |\u001b[39m         expect(result\u001b[33m.\u001b[39msteps[\u001b[35m0\u001b[39m]\u001b[33m.\u001b[39msuccess)\u001b[33m.\u001b[39mtoBe(\u001b[36mtrue\u001b[39m)\u001b[33m;\u001b[39m\u001b[22m\n\u001b[2m     \u001b[90m 178 |\u001b[39m         expect(mockOptions\u001b[33m.\u001b[39monError)\u001b[33m.\u001b[39mnot\u001b[33m.\u001b[39mtoHaveBeenCalled()\u001b[33m;\u001b[39m\u001b[22m\n\u001b[2m     \u001b[90m 179 |\u001b[39m         \u001b[36mconst\u001b[39m expectedNonFunctionalOptions \u001b[33m=\u001b[39m { logLevel\u001b[33m:\u001b[39m \u001b[32m'debug'\u001b[39m\u001b[33m,\u001b[39m timeout\u001b[33m:\u001b[39m \u001b[35m60000\u001b[39m\u001b[33m,\u001b[39m optionalParam\u001b[33m:\u001b[39m undefined }\u001b[33m;\u001b[39m\u001b[0m\u001b[22m\n\u001b[2m\u001b[22m\n\u001b[2m      \u001b[2mat Object.toBe (\u001b[22m\u001b[2m\u001b[0m\u001b[36msrc/lib/agent-runner.test.ts\u001b[39m\u001b[0m\u001b[2m:176:32)\u001b[22m\u001b[2m\u001b[22m\n","name":"/Users/sebastianozuddas/Programming/overknight/src/lib/agent-runner.test.ts","startTime":1769793914088,"status":"failed","summary":""}],"wasInterrupted":false}
